Error fetching author details: error: syntax error at or near "="
    at file:///home/runner/workspace/node_modules/@neondatabase/serverless/index.mjs:1345:74
    at process.processTicksAndRejections (node:internal/process/task_queues:95:5)
    at async NeonPreparedQuery.execute (/home/runner/workspace/node_modules/src/neon-serverless/session.ts:102:18)
    at async <anonymous> (/home/runner/workspace/server/routes.ts:438:22) {
  length: 90,
  severity: 'ERROR',
  code: '42601',
  detail: undefined,
  hint: undefined,
  position: '37',
  internalPosition: undefined,
  internalQuery: undefined,
  where: undefined,
  schema: undefined,
  table: undefined,
  column: undefined,
  dataType: undefined,
  constraint: undefined,
  file: 'scan.l',
  line: '1244',
  routine: 'scanner_yyerror'
}
7:44:59 AM [express] GET /api/authors/2 500 in 209ms :: {"error":"Failed to fetch author details"}
7:45:02 AM [express] GET /api/user 304 in 48ms :: {"id":2,"email":"der.wolz@gmail.com","username":"dâ€¦
Error fetching author details: error: syntax error at or near "="
    at file:///home/runner/workspace/node_modules/@neondatabase/serverless/index.mjs:1345:74
    at process.processTicksAndRejections (node:internal/process/task_queues:95:5)
    at async NeonPreparedQuery.execute (/home/runner/workspace/node_modules/src/neon-serverless/session.ts:102:18)
    at async <anonymous> (/home/runner/workspace/server/routes.ts:438:22) {
  length: 90,
  severity: 'ERROR',
  code: '42601',
  detail: undefined,
  hint: undefined,
  position: '37',
  internalPosition: undefined,
  internalQuery: undefined,
  where: undefined,
  schema: undefined,
  table: undefined,
  column: undefined,
  dataType: undefined,
  constraint: undefined,
  file: 'scan.l',
  line: '1244',
  routine: 'scanner_yyerror'
}
7:45:02 AM [express] GET /api/authors/2 500 in 120ms :: {"error":"Failed to fetch author details"}
Error fetching author details: error: syntax error at or near "="
    at file:///home/runner/workspace/node_modules/@neondatabase/serverless/index.mjs:1345:74
    at process.processTicksAndRejections (node:internal/process/task_queues:95:5)
    at async NeonPreparedQuery.execute (/home/runner/workspace/node_modules/src/neon-serverless/session.ts:102:18)
    at async <anonymous> (/home/runner/workspace/server/routes.ts:438:22) {
  length: 90,
  severity: 'ERROR',
  code: '42601',
  detail: undefined,
  hint: undefined,
  position: '37',
  internalPosition: undefined,
  internalQuery: undefined,
  where: undefined,
  schema: undefined,
  table: undefined,
  column: undefined,
  dataType: undefined,
  constraint: undefined,
  file: 'scan.l',
  line: '1244',
  routine: 'scanner_yyerror'